<?xml version="1.0" encoding="UTF-8"?>
<!-- Generated by org.testng.reporters.JUnitReportReporter -->
<testsuite hostname="peter" failures="0" tests="3" name="WiselyInsure.Gmail_WiselyInsure_Task.Gmail_TestCase" time="23.885" errors="0" timestamp="2021-01-07T12:44:26 PST" skipped="0">
  <testcase classname="WiselyInsure.Gmail_WiselyInsure_Task.Gmail_TestCase" name="Login_valid" time="19.236"/>
  <system-out/>
  <testcase classname="WiselyInsure.Gmail_WiselyInsure_Task.Gmail_TestCase" name="Logout" time="2.452"/>
  <system-out/>
  <testcase classname="WiselyInsure.Gmail_WiselyInsure_Task.Gmail_TestCase" name="login_Invalid" time="2.197"/>
  <system-out/>
</testsuite> <!-- WiselyInsure.Gmail_WiselyInsure_Task.Gmail_TestCase -->
